[    1311ms] [WARNING] [GSI_LOGGER]: Your client application uses one of the Google One Tap prompt UI status methods that may stop functioning when FedCM becomes mandatory. Refer to the migration guide to update your code accordingly and opt-in to FedCM to test your changes. Learn more: https://developers.google.com/identity/gsi/web/guides/fedcm-migration?s=dc#display_moment and https://developers.google.com/identity/gsi/web/guides/fedcm-migration?s=dc#skipped_moment @ https://accounts.google.com/gsi/client:80
[    2802ms] [WARNING] Some icons were re-registered. Applications should only call registerIcons for any given icon once. Redefining what an icon is may have unintended consequences. Duplicates include: 
moreDetailsV2, documentationBlackIcon, Tablet, ShoppingCart, Compare, LightWeight @ https://claritystatic.azureedge.net/scripts/client/framework.89ea8a22e6993482d38c.js:0
[   14797ms] [WARNING] Some icons were re-registered. Applications should only call registerIcons for any given icon once. Redefining what an icon is may have unintended consequences. Duplicates include: 
moreDetailsV2, documentationBlackIcon, Tablet, ShoppingCart, Compare, LightWeight @ https://claritystatic.azureedge.net/scripts/client/framework.89ea8a22e6993482d38c.js:0
[   26431ms] Error: React has blocked a javascript: URL as a security precaution.
    at <anonymous>:1:7
[   28508ms] Error: React has blocked a javascript: URL as a security precaution.
    at <anonymous>:1:7
[   37657ms] [WARNING] An iframe which has both allow-scripts and allow-same-origin for its sandbox attribute can escape its sandboxing. @ https://claritystatic.azureedge.net/scripts/client/react.d1dc690ea6e0b1b22a62.js:1
[   37876ms] [ERROR] Failed to load resource: net::ERR_BLOCKED_BY_RESPONSE.NotSameOrigin @ https://www.wuhanwansheng.net/logo.jpg:0
[   95963ms] [WARNING] The resource https://c.s-microsoft.com/static/fonts/segoe-ui/west-european/semilight/latest.woff2 was preloaded using link preload but not used within a few seconds from the window's load event. Please make sure it has an appropriate `as` value and it is preloaded intentionally. @ https://www.microsoft.com/en-gb:0
[   95963ms] [WARNING] The resource https://c.s-microsoft.com/static/fonts/segoe-ui/west-european/light/latest.woff2 was preloaded using link preload but not used within a few seconds from the window's load event. Please make sure it has an appropriate `as` value and it is preloaded intentionally. @ https://www.microsoft.com/en-gb:0
[   99880ms] [WARNING] The resource https://c.s-microsoft.com/static/fonts/segoe-ui/west-european/semilight/latest.woff2 was preloaded using link preload but not used within a few seconds from the window's load event. Please make sure it has an appropriate `as` value and it is preloaded intentionally. @ https://www.microsoft.com/en-gb:0
[   99880ms] [WARNING] The resource https://c.s-microsoft.com/static/fonts/segoe-ui/west-european/light/latest.woff2 was preloaded using link preload but not used within a few seconds from the window's load event. Please make sure it has an appropriate `as` value and it is preloaded intentionally. @ https://www.microsoft.com/en-gb:0
[  157134ms] [WARNING] The resource https://c.s-microsoft.com/static/fonts/segoe-ui/west-european/semilight/latest.woff2 was preloaded using link preload but not used within a few seconds from the window's load event. Please make sure it has an appropriate `as` value and it is preloaded intentionally. @ https://www.microsoft.com/en-gb:0
[  157134ms] [WARNING] The resource https://c.s-microsoft.com/static/fonts/segoe-ui/west-european/light/latest.woff2 was preloaded using link preload but not used within a few seconds from the window's load event. Please make sure it has an appropriate `as` value and it is preloaded intentionally. @ https://www.microsoft.com/en-gb:0
[  218156ms] [WARNING] The resource https://c.s-microsoft.com/static/fonts/segoe-ui/west-european/semilight/latest.woff2 was preloaded using link preload but not used within a few seconds from the window's load event. Please make sure it has an appropriate `as` value and it is preloaded intentionally. @ https://www.microsoft.com/en-gb:0
[  218156ms] [WARNING] The resource https://c.s-microsoft.com/static/fonts/segoe-ui/west-european/light/latest.woff2 was preloaded using link preload but not used within a few seconds from the window's load event. Please make sure it has an appropriate `as` value and it is preloaded intentionally. @ https://www.microsoft.com/en-gb:0
[  279163ms] [WARNING] The resource https://c.s-microsoft.com/static/fonts/segoe-ui/west-european/semilight/latest.woff2 was preloaded using link preload but not used within a few seconds from the window's load event. Please make sure it has an appropriate `as` value and it is preloaded intentionally. @ https://www.microsoft.com/en-gb:0
[  279163ms] [WARNING] The resource https://c.s-microsoft.com/static/fonts/segoe-ui/west-european/light/latest.woff2 was preloaded using link preload but not used within a few seconds from the window's load event. Please make sure it has an appropriate `as` value and it is preloaded intentionally. @ https://www.microsoft.com/en-gb:0
[  340143ms] [WARNING] The resource https://c.s-microsoft.com/static/fonts/segoe-ui/west-european/semilight/latest.woff2 was preloaded using link preload but not used within a few seconds from the window's load event. Please make sure it has an appropriate `as` value and it is preloaded intentionally. @ https://www.microsoft.com/en-gb:0
[  340143ms] [WARNING] The resource https://c.s-microsoft.com/static/fonts/segoe-ui/west-european/light/latest.woff2 was preloaded using link preload but not used within a few seconds from the window's load event. Please make sure it has an appropriate `as` value and it is preloaded intentionally. @ https://www.microsoft.com/en-gb:0
[  390837ms] [WARNING] The resource https://c.s-microsoft.com/static/fonts/segoe-ui/west-european/semilight/latest.woff2 was preloaded using link preload but not used within a few seconds from the window's load event. Please make sure it has an appropriate `as` value and it is preloaded intentionally. @ https://www.microsoft.com/en-gb:0
[  390837ms] [WARNING] The resource https://c.s-microsoft.com/static/fonts/segoe-ui/west-european/light/latest.woff2 was preloaded using link preload but not used within a few seconds from the window's load event. Please make sure it has an appropriate `as` value and it is preloaded intentionally. @ https://www.microsoft.com/en-gb:0
