[    9387ms] [WARNING] Service Worker registration blocked by Playwright @ :2
[    9668ms] [WARNING] <meta name="apple-mobile-web-app-capable" content="yes"> is deprecated. Please include <meta name="mobile-web-app-capable" content="yes"> @ https://www.wuhanwansheng.net/:0
[ 3808300ms] [WARNING] Service Worker registration blocked by Playwright @ :2
[ 3808418ms] [WARNING] <meta name="apple-mobile-web-app-capable" content="yes"> is deprecated. Please include <meta name="mobile-web-app-capable" content="yes"> @ https://www.wuhanwansheng.net/:0
[ 3810529ms] [ERROR] Attestation check for Attribution Reporting on https://www.googleadservices.com failed. @ https://www.google.com/search?q=Ask+Google+about+this+pagetra&oq=Ask+Google+about+this+pagetra&gs_lcrp=EgZjaHJvbWUyBggAEEUYOTILCAEQABgKGAsYgAQyCwgCEAAYChgLGIAEMgsIAxAAGAoYCxiABDILCAQQABgKGAsYgAQyDQgFEAAYhgMYgAQYigUyDQgGEAAYhgMYgAQYigUyDQgHEAAYhgMYgAQYigUyBwgIEAAY7wUyCggJEAAYgAQYogTSAQczNjNqMGo0qAIAsAIB&sourceid=chrome&ie=UTF-8:0
[ 3810529ms] [ERROR] Attestation check for Attribution Reporting on https://www.googleadservices.com failed. @ https://www.google.com/search?q=Ask+Google+about+this+pagetra&oq=Ask+Google+about+this+pagetra&gs_lcrp=EgZjaHJvbWUyBggAEEUYOTILCAEQABgKGAsYgAQyCwgCEAAYChgLGIAEMgsIAxAAGAoYCxiABDILCAQQABgKGAsYgAQyDQgFEAAYhgMYgAQYigUyDQgGEAAYhgMYgAQYigUyDQgHEAAYhgMYgAQYigUyBwgIEAAY7wUyCggJEAAYgAQYogTSAQczNjNqMGo0qAIAsAIB&sourceid=chrome&ie=UTF-8:0
[ 3810529ms] [ERROR] Attestation check for Attribution Reporting on https://www.googleadservices.com failed. @ https://www.google.com/search?q=Ask+Google+about+this+pagetra&oq=Ask+Google+about+this+pagetra&gs_lcrp=EgZjaHJvbWUyBggAEEUYOTILCAEQABgKGAsYgAQyCwgCEAAYChgLGIAEMgsIAxAAGAoYCxiABDILCAQQABgKGAsYgAQyDQgFEAAYhgMYgAQYigUyDQgGEAAYhgMYgAQYigUyDQgHEAAYhgMYgAQYigUyBwgIEAAY7wUyCggJEAAYgAQYogTSAQczNjNqMGo0qAIAsAIB&sourceid=chrome&ie=UTF-8:0
[ 3810529ms] [ERROR] Attestation check for Attribution Reporting on https://www.googleadservices.com failed. @ https://www.google.com/search?q=Ask+Google+about+this+pagetra&oq=Ask+Google+about+this+pagetra&gs_lcrp=EgZjaHJvbWUyBggAEEUYOTILCAEQABgKGAsYgAQyCwgCEAAYChgLGIAEMgsIAxAAGAoYCxiABDILCAQQABgKGAsYgAQyDQgFEAAYhgMYgAQYigUyDQgGEAAYhgMYgAQYigUyDQgHEAAYhgMYgAQYigUyBwgIEAAY7wUyCggJEAAYgAQYogTSAQczNjNqMGo0qAIAsAIB&sourceid=chrome&ie=UTF-8:0
[ 3810532ms] [ERROR] Attestation check for Attribution Reporting on https://www.googleadservices.com failed. @ https://www.google.com/search?q=Ask+Google+about+this+pagetra&oq=Ask+Google+about+this+pagetra&gs_lcrp=EgZjaHJvbWUyBggAEEUYOTILCAEQABgKGAsYgAQyCwgCEAAYChgLGIAEMgsIAxAAGAoYCxiABDILCAQQABgKGAsYgAQyDQgFEAAYhgMYgAQYigUyDQgGEAAYhgMYgAQYigUyDQgHEAAYhgMYgAQYigUyBwgIEAAY7wUyCggJEAAYgAQYogTSAQczNjNqMGo0qAIAsAIB&sourceid=chrome&ie=UTF-8:0
[ 3810532ms] [ERROR] Attestation check for Attribution Reporting on https://www.googleadservices.com failed. @ https://www.google.com/search?q=Ask+Google+about+this+pagetra&oq=Ask+Google+about+this+pagetra&gs_lcrp=EgZjaHJvbWUyBggAEEUYOTILCAEQABgKGAsYgAQyCwgCEAAYChgLGIAEMgsIAxAAGAoYCxiABDILCAQQABgKGAsYgAQyDQgFEAAYhgMYgAQYigUyDQgGEAAYhgMYgAQYigUyDQgHEAAYhgMYgAQYigUyBwgIEAAY7wUyCggJEAAYgAQYogTSAQczNjNqMGo0qAIAsAIB&sourceid=chrome&ie=UTF-8:0
[ 3810532ms] [ERROR] Attestation check for Attribution Reporting on https://www.googleadservices.com failed. @ https://www.google.com/search?q=Ask+Google+about+this+pagetra&oq=Ask+Google+about+this+pagetra&gs_lcrp=EgZjaHJvbWUyBggAEEUYOTILCAEQABgKGAsYgAQyCwgCEAAYChgLGIAEMgsIAxAAGAoYCxiABDILCAQQABgKGAsYgAQyDQgFEAAYhgMYgAQYigUyDQgGEAAYhgMYgAQYigUyDQgHEAAYhgMYgAQYigUyBwgIEAAY7wUyCggJEAAYgAQYogTSAQczNjNqMGo0qAIAsAIB&sourceid=chrome&ie=UTF-8:0
[ 3810532ms] [ERROR] Attestation check for Attribution Reporting on https://www.googleadservices.com failed. @ https://www.google.com/search?q=Ask+Google+about+this+pagetra&oq=Ask+Google+about+this+pagetra&gs_lcrp=EgZjaHJvbWUyBggAEEUYOTILCAEQABgKGAsYgAQyCwgCEAAYChgLGIAEMgsIAxAAGAoYCxiABDILCAQQABgKGAsYgAQyDQgFEAAYhgMYgAQYigUyDQgGEAAYhgMYgAQYigUyDQgHEAAYhgMYgAQYigUyBwgIEAAY7wUyCggJEAAYgAQYogTSAQczNjNqMGo0qAIAsAIB&sourceid=chrome&ie=UTF-8:0
[ 3810532ms] [ERROR] Attestation check for Attribution Reporting on https://www.googleadservices.com failed. @ https://www.google.com/search?q=Ask+Google+about+this+pagetra&oq=Ask+Google+about+this+pagetra&gs_lcrp=EgZjaHJvbWUyBggAEEUYOTILCAEQABgKGAsYgAQyCwgCEAAYChgLGIAEMgsIAxAAGAoYCxiABDILCAQQABgKGAsYgAQyDQgFEAAYhgMYgAQYigUyDQgGEAAYhgMYgAQYigUyDQgHEAAYhgMYgAQYigUyBwgIEAAY7wUyCggJEAAYgAQYogTSAQczNjNqMGo0qAIAsAIB&sourceid=chrome&ie=UTF-8:0
[ 3810532ms] [ERROR] Attestation check for Attribution Reporting on https://www.googleadservices.com failed. @ https://www.google.com/search?q=Ask+Google+about+this+pagetra&oq=Ask+Google+about+this+pagetra&gs_lcrp=EgZjaHJvbWUyBggAEEUYOTILCAEQABgKGAsYgAQyCwgCEAAYChgLGIAEMgsIAxAAGAoYCxiABDILCAQQABgKGAsYgAQyDQgFEAAYhgMYgAQYigUyDQgGEAAYhgMYgAQYigUyDQgHEAAYhgMYgAQYigUyBwgIEAAY7wUyCggJEAAYgAQYogTSAQczNjNqMGo0qAIAsAIB&sourceid=chrome&ie=UTF-8:0
[ 3816718ms] [WARNING] Service Worker registration blocked by Playwright @ :2
[ 3817250ms] [WARNING] <meta name="apple-mobile-web-app-capable" content="yes"> is deprecated. Please include <meta name="mobile-web-app-capable" content="yes"> @ https://www.wuhanwansheng.net/traffic-stats:0
[ 3853896ms] [WARNING] Service Worker registration blocked by Playwright @ :2
[ 3854112ms] [WARNING] <meta name="apple-mobile-web-app-capable" content="yes"> is deprecated. Please include <meta name="mobile-web-app-capable" content="yes"> @ https://www.wuhanwansheng.net/traffic-stats?range=90d:0
[ 4031489ms] [WARNING] Service Worker registration blocked by Playwright @ :2
[ 4031712ms] [WARNING] <meta name="apple-mobile-web-app-capable" content="yes"> is deprecated. Please include <meta name="mobile-web-app-capable" content="yes"> @ https://www.wuhanwansheng.net/:0
[ 4070620ms] [WARNING] Service Worker registration blocked by Playwright @ :2
[ 4070850ms] [WARNING] <meta name="apple-mobile-web-app-capable" content="yes"> is deprecated. Please include <meta name="mobile-web-app-capable" content="yes"> @ https://www.wuhanwansheng.net/products:0
[ 4232323ms] [WARNING] Service Worker registration blocked by Playwright @ :2
[ 4232577ms] [WARNING] <meta name="apple-mobile-web-app-capable" content="yes"> is deprecated. Please include <meta name="mobile-web-app-capable" content="yes"> @ https://www.wuhanwansheng.net/traffic-stats:0
[ 4240110ms] [WARNING] Service Worker registration blocked by Playwright @ :2
[ 4240307ms] [WARNING] <meta name="apple-mobile-web-app-capable" content="yes"> is deprecated. Please include <meta name="mobile-web-app-capable" content="yes"> @ https://www.wuhanwansheng.net/traffic-stats?range=30d:0
[ 4353246ms] [WARNING] Service Worker registration blocked by Playwright @ :2
[ 4353520ms] [WARNING] <meta name="apple-mobile-web-app-capable" content="yes"> is deprecated. Please include <meta name="mobile-web-app-capable" content="yes"> @ https://www.wuhanwansheng.net/traffic-stats?range=30d:0
[ 4376325ms] [WARNING] Service Worker registration blocked by Playwright @ :2
[ 4376640ms] [WARNING] <meta name="apple-mobile-web-app-capable" content="yes"> is deprecated. Please include <meta name="mobile-web-app-capable" content="yes"> @ https://www.wuhanwansheng.net/traffic-stats?range=30d:0
[ 4407956ms] [WARNING] Service Worker registration blocked by Playwright @ :2
[ 4408176ms] [WARNING] <meta name="apple-mobile-web-app-capable" content="yes"> is deprecated. Please include <meta name="mobile-web-app-capable" content="yes"> @ https://www.wuhanwansheng.net/traffic-stats?range=30d:0
[ 4591207ms] [WARNING] Service Worker registration blocked by Playwright @ :2
[ 4591532ms] [WARNING] <meta name="apple-mobile-web-app-capable" content="yes"> is deprecated. Please include <meta name="mobile-web-app-capable" content="yes"> @ https://www.wuhanwansheng.net/traffic-stats?range=30d:0
